<?xml version="1.0" encoding="UTF-8"?>
<!-- Generated by org.testng.reporters.JUnitReportReporter -->
<testsuite hostname="PRFT-13975" failures="0" tests="1" name="xbox.testcases.GameListTest" time="11.025" errors="0" timestamp="19 Jan 2022 12:46:03 GMT">
  <testcase classname="xbox.testcases.GameListTest" name="gameTest" time="11.025"/>
</testsuite> <!-- xbox.testcases.GameListTest -->
