<?xml version="1.0" encoding="UTF-8"?>
<!-- Generated by org.testng.reporters.JUnitReportReporter -->
<testsuite hostname="PRFT-16692" name="xbox.testcases.XboxVerify" tests="1" failures="0" timestamp="28 Jan 2022 18:52:24 GMT" time="7.930" errors="0">
  <testcase name="open" time="7.930" classname="xbox.testcases.XboxVerify"/>
</testsuite> <!-- xbox.testcases.XboxVerify -->
