<?xml version="1.0" encoding="UTF-8"?>
<!-- Generated by org.testng.reporters.JUnitReportReporter -->
<testsuite hostname="PRFT-16692" name="xbox.testcases.XboxGameListCheck" tests="1" failures="0" timestamp="28 Jan 2022 21:19:40 GMT" time="11.089" errors="0">
  <testcase name="verifyListedGames" time="11.089" classname="xbox.testcases.XboxGameListCheck"/>
</testsuite> <!-- xbox.testcases.XboxGameListCheck -->
