<?xml version="1.0" encoding="UTF-8"?>
<!-- Generated by org.testng.reporters.JUnitReportReporter -->
<testsuite hostname="PRFT-16692" name="xbox.testcases.XboxGameListTest" tests="1" failures="0" timestamp="28 Jan 2022 22:45:59 GMT" time="11.065" errors="0">
  <testcase name="verifyListedGames" time="11.065" classname="xbox.testcases.XboxGameListTest"/>
</testsuite> <!-- xbox.testcases.XboxGameListTest -->
