<?xml version="1.0" encoding="UTF-8"?>
<!-- Generated by org.testng.reporters.JUnitReportReporter -->
<testsuite hostname="PRFT-16692" name="xbox.testcases.XboxLeaderboardCheck" tests="1" failures="1" timestamp="28 Jan 2022 22:03:17 GMT" time="4.565" errors="0">
  <testcase name="verifyTopFiveScores" time="4.565" classname="xbox.testcases.XboxLeaderboardCheck">
    <failure type="java.lang.IllegalArgumentException" message="Can not set java.util.ArrayList field xbox.basepages.XboxLeaderboardPage.actualScoreList to null value">
      <![CDATA[java.lang.IllegalArgumentException: Can not set java.util.ArrayList field xbox.basepages.XboxLeaderboardPage.actualScoreList to null value
	at sun.reflect.UnsafeFieldAccessorImpl.throwSetIllegalArgumentException(UnsafeFieldAccessorImpl.java:167)
	at sun.reflect.UnsafeFieldAccessorImpl.throwSetIllegalArgumentException(UnsafeFieldAccessorImpl.java:171)
	at sun.reflect.UnsafeObjectFieldAccessorImpl.set(UnsafeObjectFieldAccessorImpl.java:81)
	at java.lang.reflect.Field.set(Field.java:764)
	at org.openqa.selenium.support.PageFactory.proxyFields(PageFactory.java:117)
	at org.openqa.selenium.support.PageFactory.initElements(PageFactory.java:105)
	at org.openqa.selenium.support.PageFactory.initElements(PageFactory.java:92)
	at org.openqa.selenium.support.PageFactory.initElements(PageFactory.java:79)
	at util.Page.<init>(Page.java:18)
	at xbox.basepages.XboxLeaderboardPage.<init>(XboxLeaderboardPage.java:17)
	at xbox.testcases.XboxLeaderboardCheck.verifyTopFiveScores(XboxLeaderboardCheck.java:27)
	at sun.reflect.NativeMethodAccessorImpl.invoke0(Native Method)
	at sun.reflect.NativeMethodAccessorImpl.invoke(NativeMethodAccessorImpl.java:62)
	at sun.reflect.DelegatingMethodAccessorImpl.invoke(DelegatingMethodAccessorImpl.java:43)
	at java.lang.reflect.Method.invoke(Method.java:498)
	at org.testng.internal.MethodInvocationHelper.invokeMethod(MethodInvocationHelper.java:84)
	at org.testng.internal.Invoker.invokeMethod(Invoker.java:714)
	at org.testng.internal.Invoker.invokeTestMethod(Invoker.java:901)
	at org.testng.internal.Invoker.invokeTestMethods(Invoker.java:1231)
	at org.testng.internal.TestMethodWorker.invokeTestMethods(TestMethodWorker.java:127)
	at org.testng.internal.TestMethodWorker.run(TestMethodWorker.java:111)
	at org.testng.TestRunner.privateRun(TestRunner.java:767)
	at org.testng.TestRunner.run(TestRunner.java:617)
	at org.testng.SuiteRunner.runTest(SuiteRunner.java:348)
	at org.testng.SuiteRunner.runSequentially(SuiteRunner.java:343)
	at org.testng.SuiteRunner.privateRun(SuiteRunner.java:305)
	at org.testng.SuiteRunner.run(SuiteRunner.java:254)
	at org.testng.SuiteRunnerWorker.runSuite(SuiteRunnerWorker.java:52)
	at org.testng.SuiteRunnerWorker.run(SuiteRunnerWorker.java:86)
	at org.testng.TestNG.runSuitesSequentially(TestNG.java:1224)
	at org.testng.TestNG.runSuitesLocally(TestNG.java:1149)
	at org.testng.TestNG.run(TestNG.java:1057)
	at org.testng.remote.AbstractRemoteTestNG.run(AbstractRemoteTestNG.java:115)
	at org.testng.remote.RemoteTestNG.initAndRun(RemoteTestNG.java:251)
	at org.testng.remote.RemoteTestNG.main(RemoteTestNG.java:77)
]]>
    </failure>
  </testcase> <!-- verifyTopFiveScores -->
</testsuite> <!-- xbox.testcases.XboxLeaderboardCheck -->
