<?xml version="1.0" encoding="UTF-8"?>
<!-- Generated by org.testng.reporters.JUnitReportReporter -->
<testsuite hostname="PRFT-16692" name="xbox.testcases.XboxLeaderboardTest" tests="1" failures="0" timestamp="28 Jan 2022 22:46:14 GMT" time="5.798" errors="0">
  <testcase name="verifyTopFiveScores" time="5.798" classname="xbox.testcases.XboxLeaderboardTest"/>
</testsuite> <!-- xbox.testcases.XboxLeaderboardTest -->
