<?xml version="1.0" encoding="UTF-8"?>
<!-- Generated by org.testng.reporters.JUnitReportReporter -->
<testsuite hostname="PRFT-13975" failures="0" tests="1" name="xbox.testcases.GameListTest" time="13.644" errors="0" timestamp="19 Jan 2022 12:35:08 GMT">
  <testcase classname="xbox.testcases.GameListTest" name="gameTest" time="13.644"/>
</testsuite> <!-- xbox.testcases.GameListTest -->
